<?xml version="1.0" encoding="UTF-8"?>
<!-- Generated by org.testng.reporters.JUnitXMLReporter -->
<testsuite ignored="0" hostname="Roshan" failures="0" tests="13" name="AllTest " time="49.869" errors="0" timestamp="2022-06-25T22:31:33 EDT">
  <testcase classname="testLayer.HomepageTest" name="verifyamazonlogotest" time="0.954"/>
  <testcase classname="testLayer.HomepageTest" name="hellomessage" time="0.973"/>
  <testcase classname="testLayer.HomepageTest" name="Accountlisttest" time="1.356"/>
  <testcase classname="testLayer.LoginTest" name="logovarify" time="0.026"/>
  <testcase classname="testLayer.LoginTest" name="loginTest" time="0.596"/>
  <testcase classname="testLayer.YouraddressTest" name="youraddresslogoisdisplayedTest" time="0.035"/>
  <testcase classname="testLayer.YourOrdersTest" name="clickOnBuyAgaintabTest" time="1.034"/>
  <testcase classname="testLayer.YourOrdersTest" name="varifyyourorderlogoTest" time="0.048"/>
  <testcase classname="testLayer.YourOrdersTest" name="buyitagiantabTest" time="0.865"/>
  <testcase classname="testLayer.YourOrdersTest" name="notyetshipedTest" time="0.794"/>
  <testcase classname="testLayer.YourOrdersTest" name="cancleordersTest" time="0.635"/>
  <testcase classname="testLayer.YourOrdersTest" name="dropdownorderhistoryTest" time="0.255"/>
  <testcase classname="testLayer.YourOrdersTest" name="dropdownpast3monthTest" time="0.249"/>
</testsuite> <!-- AllTest  -->
